Determining if the pthread_create exist failed with the following output:
Change Dir: /home/weilaidb/git/gtest_eg/gtest-1.7.0/cbuild/CMakeFiles/CMakeTmp

Run Build Command:/usr/bin/gmake "cmTryCompileExec3262504581/fast"
/usr/bin/gmake -f CMakeFiles/cmTryCompileExec3262504581.dir/build.make CMakeFiles/cmTryCompileExec3262504581.dir/build
gmake[1]: Entering directory `/home/weilaidb/git/gtest_eg/gtest-1.7.0/cbuild/CMakeFiles/CMakeTmp'
/usr/bin/cmake -E cmake_progress_report /home/weilaidb/git/gtest_eg/gtest-1.7.0/cbuild/CMakeFiles/CMakeTmp/CMakeFiles 1
Building C object CMakeFiles/cmTryCompileExec3262504581.dir/CheckSymbolExists.c.o
/usr/bin/cc    -o CMakeFiles/cmTryCompileExec3262504581.dir/CheckSymbolExists.c.o   -c /home/weilaidb/git/gtest_eg/gtest-1.7.0/cbuild/CMakeFiles/CMakeTmp/CheckSymbolExists.c
Linking C executable cmTryCompileExec3262504581
/usr/bin/cmake -E cmake_link_script CMakeFiles/cmTryCompileExec3262504581.dir/link.txt --verbose=1
/usr/bin/cc       CMakeFiles/cmTryCompileExec3262504581.dir/CheckSymbolExists.c.o  -o cmTryCompileExec3262504581 -rdynamic 
CMakeFiles/cmTryCompileExec3262504581.dir/CheckSymbolExists.c.o: In function `main':
CheckSymbolExists.c:(.text+0x4): undefined reference to `pthread_create'
collect2: ld returned 1 exit status
gmake[1]: Leaving directory `/home/weilaidb/git/gtest_eg/gtest-1.7.0/cbuild/CMakeFiles/CMakeTmp'
gmake[1]: *** [cmTryCompileExec3262504581] Error 1
gmake: *** [cmTryCompileExec3262504581/fast] Error 2

File /home/weilaidb/git/gtest_eg/gtest-1.7.0/cbuild/CMakeFiles/CMakeTmp/CheckSymbolExists.c:
/* */
#include <pthread.h>

int main(int argc, char** argv)
{
  (void)argv;
#ifndef pthread_create
  return ((int*)(&pthread_create))[argc];
#else
  (void)argc;
  return 0;
#endif
}

Determining if the function pthread_create exists in the pthreads failed with the following output:
Change Dir: /home/weilaidb/git/gtest_eg/gtest-1.7.0/cbuild/CMakeFiles/CMakeTmp

Run Build Command:/usr/bin/gmake "cmTryCompileExec3907834/fast"
/usr/bin/gmake -f CMakeFiles/cmTryCompileExec3907834.dir/build.make CMakeFiles/cmTryCompileExec3907834.dir/build
gmake[1]: Entering directory `/home/weilaidb/git/gtest_eg/gtest-1.7.0/cbuild/CMakeFiles/CMakeTmp'
/usr/bin/cmake -E cmake_progress_report /home/weilaidb/git/gtest_eg/gtest-1.7.0/cbuild/CMakeFiles/CMakeTmp/CMakeFiles 1
Building C object CMakeFiles/cmTryCompileExec3907834.dir/CheckFunctionExists.c.o
/usr/bin/cc   -DCHECK_FUNCTION_EXISTS=pthread_create   -o CMakeFiles/cmTryCompileExec3907834.dir/CheckFunctionExists.c.o   -c /usr/share/cmake/Modules/CheckFunctionExists.c
Linking C executable cmTryCompileExec3907834
/usr/bin/cmake -E cmake_link_script CMakeFiles/cmTryCompileExec3907834.dir/link.txt --verbose=1
/usr/bin/cc   -DCHECK_FUNCTION_EXISTS=pthread_create    CMakeFiles/cmTryCompileExec3907834.dir/CheckFunctionExists.c.o  -o cmTryCompileExec3907834 -rdynamic -lpthreads 
/usr/bin/ld: cannot find -lpthreads
collect2: ld returned 1 exit status
gmake[1]: Leaving directory `/home/weilaidb/git/gtest_eg/gtest-1.7.0/cbuild/CMakeFiles/CMakeTmp'
gmake[1]: *** [cmTryCompileExec3907834] Error 1
gmake: *** [cmTryCompileExec3907834/fast] Error 2


